<?xml version="1.0" encoding="UTF-8"?>
<testsuite xmlns:xsi="http://www.w3.org/2001/XMLSchema-instance" xsi:noNamespaceSchemaLocation="https://maven.apache.org/surefire/maven-surefire-plugin/xsd/surefire-test-report.xsd" name="maven.demo.git.TestDemo" time="4.802" tests="2" errors="0" skipped="0" failures="0">
  <properties>
[...]
</properties>
  <testcase name="testNew" classname="maven.demo.git.TestDemo" time="0.002"/>
  <testcase name="whenTest" classname="maven.demo.git.TestDemo" time="4.794"/>
</testsuite>